Analysis & Synthesis report for text_encryption
Wed Dec 08 13:13:01 2021
Quartus Prime Version 16.1.0 Build 196 10/24/2016 SJ Lite Edition


---------------------
; Table of Contents ;
---------------------
  1. Legal Notice
  2. Analysis & Synthesis Summary
  3. Analysis & Synthesis Settings
  4. Parallel Compilation
  5. Analysis & Synthesis Source Files Read
  6. Analysis & Synthesis Resource Usage Summary
  7. Analysis & Synthesis Resource Utilization by Entity
  8. State Machine - |text_encryption|S
  9. Registers Removed During Synthesis
 10. General Register Statistics
 11. Multiplexer Restructuring Statistics (Restructuring Performed)
 12. Parameter Settings for User Entity Instance: Top-level Entity: |text_encryption
 13. Post-Synthesis Netlist Statistics for Top Partition
 14. Elapsed Time Per Partition
 15. Analysis & Synthesis Messages



----------------
; Legal Notice ;
----------------
Copyright (C) 2016  Intel Corporation. All rights reserved.
Your use of Intel Corporation's design tools, logic functions 
and other software and tools, and its AMPP partner logic 
functions, and any output files from any of the foregoing 
(including device programming or simulation files), and any 
associated documentation or information are expressly subject 
to the terms and conditions of the Intel Program License 
Subscription Agreement, the Intel Quartus Prime License Agreement,
the Intel MegaCore Function License Agreement, or other 
applicable license agreement, including, without limitation, 
that your use is for the sole purpose of programming logic 
devices manufactured by Intel and sold by Intel or its 
authorized distributors.  Please refer to the applicable 
agreement for further details.



+----------------------------------------------------------------------------------+
; Analysis & Synthesis Summary                                                     ;
+------------------------------------+---------------------------------------------+
; Analysis & Synthesis Status        ; Successful - Wed Dec 08 13:13:00 2021       ;
; Quartus Prime Version              ; 16.1.0 Build 196 10/24/2016 SJ Lite Edition ;
; Revision Name                      ; text_encryption                             ;
; Top-level Entity Name              ; text_encryption                             ;
; Family                             ; Cyclone IV E                                ;
; Total logic elements               ; 4,196                                       ;
;     Total combinational functions  ; 4,195                                       ;
;     Dedicated logic registers      ; 233                                         ;
; Total registers                    ; 233                                         ;
; Total pins                         ; 54                                          ;
; Total virtual pins                 ; 0                                           ;
; Total memory bits                  ; 0                                           ;
; Embedded Multiplier 9-bit elements ; 0                                           ;
; Total PLLs                         ; 0                                           ;
+------------------------------------+---------------------------------------------+


+----------------------------------------------------------------------------------------------------------------------+
; Analysis & Synthesis Settings                                                                                        ;
+----------------------------------------------------------------------------+--------------------+--------------------+
; Option                                                                     ; Setting            ; Default Value      ;
+----------------------------------------------------------------------------+--------------------+--------------------+
; Device                                                                     ; EP4CE115F29C7      ;                    ;
; Top-level entity name                                                      ; text_encryption    ; text_encryption    ;
; Family name                                                                ; Cyclone IV E       ; Cyclone V          ;
; Use smart compilation                                                      ; Off                ; Off                ;
; Enable parallel Assembler and TimeQuest Timing Analyzer during compilation ; On                 ; On                 ;
; Enable compact report table                                                ; Off                ; Off                ;
; Restructure Multiplexers                                                   ; Auto               ; Auto               ;
; Create Debugging Nodes for IP Cores                                        ; Off                ; Off                ;
; Preserve fewer node names                                                  ; On                 ; On                 ;
; OpenCore Plus hardware evaluation                                          ; Enable             ; Enable             ;
; Verilog Version                                                            ; Verilog_2001       ; Verilog_2001       ;
; VHDL Version                                                               ; VHDL_1993          ; VHDL_1993          ;
; State Machine Processing                                                   ; Auto               ; Auto               ;
; Safe State Machine                                                         ; Off                ; Off                ;
; Extract Verilog State Machines                                             ; On                 ; On                 ;
; Extract VHDL State Machines                                                ; On                 ; On                 ;
; Ignore Verilog initial constructs                                          ; Off                ; Off                ;
; Iteration limit for constant Verilog loops                                 ; 5000               ; 5000               ;
; Iteration limit for non-constant Verilog loops                             ; 250                ; 250                ;
; Add Pass-Through Logic to Inferred RAMs                                    ; On                 ; On                 ;
; Infer RAMs from Raw Logic                                                  ; On                 ; On                 ;
; Parallel Synthesis                                                         ; On                 ; On                 ;
; DSP Block Balancing                                                        ; Auto               ; Auto               ;
; NOT Gate Push-Back                                                         ; On                 ; On                 ;
; Power-Up Don't Care                                                        ; On                 ; On                 ;
; Remove Redundant Logic Cells                                               ; Off                ; Off                ;
; Remove Duplicate Registers                                                 ; On                 ; On                 ;
; Ignore CARRY Buffers                                                       ; Off                ; Off                ;
; Ignore CASCADE Buffers                                                     ; Off                ; Off                ;
; Ignore GLOBAL Buffers                                                      ; Off                ; Off                ;
; Ignore ROW GLOBAL Buffers                                                  ; Off                ; Off                ;
; Ignore LCELL Buffers                                                       ; Off                ; Off                ;
; Ignore SOFT Buffers                                                        ; On                 ; On                 ;
; Limit AHDL Integers to 32 Bits                                             ; Off                ; Off                ;
; Optimization Technique                                                     ; Balanced           ; Balanced           ;
; Carry Chain Length                                                         ; 70                 ; 70                 ;
; Auto Carry Chains                                                          ; On                 ; On                 ;
; Auto Open-Drain Pins                                                       ; On                 ; On                 ;
; Perform WYSIWYG Primitive Resynthesis                                      ; Off                ; Off                ;
; Auto ROM Replacement                                                       ; On                 ; On                 ;
; Auto RAM Replacement                                                       ; On                 ; On                 ;
; Auto DSP Block Replacement                                                 ; On                 ; On                 ;
; Auto Shift Register Replacement                                            ; Auto               ; Auto               ;
; Allow Shift Register Merging across Hierarchies                            ; Auto               ; Auto               ;
; Auto Clock Enable Replacement                                              ; On                 ; On                 ;
; Strict RAM Replacement                                                     ; Off                ; Off                ;
; Allow Synchronous Control Signals                                          ; On                 ; On                 ;
; Force Use of Synchronous Clear Signals                                     ; Off                ; Off                ;
; Auto RAM Block Balancing                                                   ; On                 ; On                 ;
; Auto RAM to Logic Cell Conversion                                          ; Off                ; Off                ;
; Auto Resource Sharing                                                      ; Off                ; Off                ;
; Allow Any RAM Size For Recognition                                         ; Off                ; Off                ;
; Allow Any ROM Size For Recognition                                         ; Off                ; Off                ;
; Allow Any Shift Register Size For Recognition                              ; Off                ; Off                ;
; Use LogicLock Constraints during Resource Balancing                        ; On                 ; On                 ;
; Ignore translate_off and synthesis_off directives                          ; Off                ; Off                ;
; Timing-Driven Synthesis                                                    ; On                 ; On                 ;
; Report Parameter Settings                                                  ; On                 ; On                 ;
; Report Source Assignments                                                  ; On                 ; On                 ;
; Report Connectivity Checks                                                 ; On                 ; On                 ;
; Ignore Maximum Fan-Out Assignments                                         ; Off                ; Off                ;
; Synchronization Register Chain Length                                      ; 2                  ; 2                  ;
; PowerPlay Power Optimization During Synthesis                              ; Normal compilation ; Normal compilation ;
; HDL message level                                                          ; Level2             ; Level2             ;
; Suppress Register Optimization Related Messages                            ; Off                ; Off                ;
; Number of Removed Registers Reported in Synthesis Report                   ; 5000               ; 5000               ;
; Number of Swept Nodes Reported in Synthesis Report                         ; 5000               ; 5000               ;
; Number of Inverted Registers Reported in Synthesis Report                  ; 100                ; 100                ;
; Clock MUX Protection                                                       ; On                 ; On                 ;
; Auto Gated Clock Conversion                                                ; Off                ; Off                ;
; Block Design Naming                                                        ; Auto               ; Auto               ;
; SDC constraint protection                                                  ; Off                ; Off                ;
; Synthesis Effort                                                           ; Auto               ; Auto               ;
; Shift Register Replacement - Allow Asynchronous Clear Signal               ; On                 ; On                 ;
; Pre-Mapping Resynthesis Optimization                                       ; Off                ; Off                ;
; Analysis & Synthesis Message Level                                         ; Medium             ; Medium             ;
; Disable Register Merging Across Hierarchies                                ; Auto               ; Auto               ;
; Resource Aware Inference For Block RAM                                     ; On                 ; On                 ;
+----------------------------------------------------------------------------+--------------------+--------------------+


+------------------------------------------+
; Parallel Compilation                     ;
+----------------------------+-------------+
; Processors                 ; Number      ;
+----------------------------+-------------+
; Number detected on machine ; 8           ;
; Maximum allowed            ; 4           ;
;                            ;             ;
; Average used               ; 1.00        ;
; Maximum used               ; 4           ;
;                            ;             ;
; Usage by Processor         ; % Time Used ;
;     Processor 1            ; 100.0%      ;
;     Processor 2            ;   0.0%      ;
;     Processor 3            ;   0.0%      ;
;     Processor 4            ;   0.0%      ;
+----------------------------+-------------+


+-------------------------------------------------------------------------------------------------------------------------------------+
; Analysis & Synthesis Source Files Read                                                                                              ;
+----------------------------------+-----------------+------------------------+---------------------------------------------+---------+
; File Name with User-Entered Path ; Used in Netlist ; File Type              ; File Name with Absolute Path                ; Library ;
+----------------------------------+-----------------+------------------------+---------------------------------------------+---------+
; text_encryption.v                ; yes             ; User Verilog HDL File  ; M:/text_encryption/text_encryption.v        ;         ;
; seven_segment.v                  ; yes             ; User Verilog HDL File  ; M:/text_encryption/seven_segment.v          ;         ;
; four_hex_vals.v                  ; yes             ; User Verilog HDL File  ; M:/text_encryption/four_hex_vals.v          ;         ;
; output_files/temp_encr.v         ; yes             ; User Verilog HDL File  ; M:/text_encryption/output_files/temp_encr.v ;         ;
+----------------------------------+-----------------+------------------------+---------------------------------------------+---------+


+---------------------------------------------------------+
; Analysis & Synthesis Resource Usage Summary             ;
+---------------------------------------------+-----------+
; Resource                                    ; Usage     ;
+---------------------------------------------+-----------+
; Estimated Total logic elements              ; 4,196     ;
;                                             ;           ;
; Total combinational functions               ; 4195      ;
; Logic element usage by number of LUT inputs ;           ;
;     -- 4 input functions                    ; 3326      ;
;     -- 3 input functions                    ; 757       ;
;     -- <=2 input functions                  ; 112       ;
;                                             ;           ;
; Logic elements by mode                      ;           ;
;     -- normal mode                          ; 4195      ;
;     -- arithmetic mode                      ; 0         ;
;                                             ;           ;
; Total registers                             ; 233       ;
;     -- Dedicated logic registers            ; 233       ;
;     -- I/O registers                        ; 0         ;
;                                             ;           ;
; I/O pins                                    ; 54        ;
;                                             ;           ;
; Embedded Multiplier 9-bit elements          ; 0         ;
;                                             ;           ;
; Maximum fan-out node                        ; clk~input ;
; Maximum fan-out                             ; 233       ;
; Total fan-out                               ; 16604     ;
; Average fan-out                             ; 3.66      ;
+---------------------------------------------+-----------+


+--------------------------------------------------------------------------------------------------------------------------------------------------------------------------------------------------------------------------------------------------------------+
; Analysis & Synthesis Resource Utilization by Entity                                                                                                                                                                                                          ;
+---------------------------------+---------------------+---------------------------+-------------+--------------+---------+-----------+------+--------------+----------------------------------------------------------------+-----------------+--------------+
; Compilation Hierarchy Node      ; Combinational ALUTs ; Dedicated Logic Registers ; Memory Bits ; DSP Elements ; DSP 9x9 ; DSP 18x18 ; Pins ; Virtual Pins ; Full Hierarchy Name                                            ; Entity Name     ; Library Name ;
+---------------------------------+---------------------+---------------------------+-------------+--------------+---------+-----------+------+--------------+----------------------------------------------------------------+-----------------+--------------+
; |text_encryption                ; 4195 (322)          ; 233 (233)                 ; 0           ; 0            ; 0       ; 0         ; 54   ; 0            ; |text_encryption                                               ; text_encryption ; work         ;
;    |four_hex_vals:my_disp|      ; 28 (0)              ; 0 (0)                     ; 0           ; 0            ; 0       ; 0         ; 0    ; 0            ; |text_encryption|four_hex_vals:my_disp                         ; four_hex_vals   ; work         ;
;       |seven_segment:left_2|    ; 7 (7)               ; 0 (0)                     ; 0           ; 0            ; 0       ; 0         ; 0    ; 0            ; |text_encryption|four_hex_vals:my_disp|seven_segment:left_2    ; seven_segment   ; work         ;
;       |seven_segment:leftmost|  ; 7 (7)               ; 0 (0)                     ; 0           ; 0            ; 0       ; 0         ; 0    ; 0            ; |text_encryption|four_hex_vals:my_disp|seven_segment:leftmost  ; seven_segment   ; work         ;
;       |seven_segment:right_2|   ; 7 (7)               ; 0 (0)                     ; 0           ; 0            ; 0       ; 0         ; 0    ; 0            ; |text_encryption|four_hex_vals:my_disp|seven_segment:right_2   ; seven_segment   ; work         ;
;       |seven_segment:rightmost| ; 7 (7)               ; 0 (0)                     ; 0           ; 0            ; 0       ; 0         ; 0    ; 0            ; |text_encryption|four_hex_vals:my_disp|seven_segment:rightmost ; seven_segment   ; work         ;
;    |temp_encr:my_encr_value|    ; 3845 (3845)         ; 0 (0)                     ; 0           ; 0            ; 0       ; 0         ; 0    ; 0            ; |text_encryption|temp_encr:my_encr_value                       ; temp_encr       ; work         ;
+---------------------------------+---------------------+---------------------------+-------------+--------------+---------+-----------+------+--------------+----------------------------------------------------------------+-----------------+--------------+
Note: For table entries with two numbers listed, the numbers in parentheses indicate the number of resources of the given type used by the specific entity alone. The numbers listed outside of parentheses indicate the total resources of the given type used by the specific entity and all of its sub-entities in the hierarchy.


Encoding Type:  One-Hot
+----------------------------------------------------------------------------------------------------------------------------------------------------------------------------------------------------------------------------------------------------------------------------------------------------------------------------+
; State Machine - |text_encryption|S                                                                                                                                                                                                                                                                                         ;
+--------------+---------+--------+--------+-----------+--------------+-------------+--------------+-------------+--------------+-------------+--------------+-------------+--------------+------------+-------------+------------+-------------+------------+-------------+------------+-------------+------------+---------+
; Name         ; S.ERROR ; S.DONE ; S.ENCR ; S.WAITING ; S.DISP_VALUE ; S.WAITING_8 ; S.IN_VALUE_4 ; S.WAITING_7 ; S.IN_VALUE_3 ; S.WAITING_6 ; S.IN_VALUE_2 ; S.WAITING_5 ; S.IN_VALUE_1 ; S.DISP_KEY ; S.WAITING_4 ; S.IN_KEY_4 ; S.WAITING_3 ; S.IN_KEY_3 ; S.WAITING_2 ; S.IN_KEY_2 ; S.WAITING_1 ; S.IN_KEY_1 ; S.START ;
+--------------+---------+--------+--------+-----------+--------------+-------------+--------------+-------------+--------------+-------------+--------------+-------------+--------------+------------+-------------+------------+-------------+------------+-------------+------------+-------------+------------+---------+
; S.START      ; 0       ; 0      ; 0      ; 0         ; 0            ; 0           ; 0            ; 0           ; 0            ; 0           ; 0            ; 0           ; 0            ; 0          ; 0           ; 0          ; 0           ; 0          ; 0           ; 0          ; 0           ; 0          ; 0       ;
; S.IN_KEY_1   ; 0       ; 0      ; 0      ; 0         ; 0            ; 0           ; 0            ; 0           ; 0            ; 0           ; 0            ; 0           ; 0            ; 0          ; 0           ; 0          ; 0           ; 0          ; 0           ; 0          ; 0           ; 1          ; 1       ;
; S.WAITING_1  ; 0       ; 0      ; 0      ; 0         ; 0            ; 0           ; 0            ; 0           ; 0            ; 0           ; 0            ; 0           ; 0            ; 0          ; 0           ; 0          ; 0           ; 0          ; 0           ; 0          ; 1           ; 0          ; 1       ;
; S.IN_KEY_2   ; 0       ; 0      ; 0      ; 0         ; 0            ; 0           ; 0            ; 0           ; 0            ; 0           ; 0            ; 0           ; 0            ; 0          ; 0           ; 0          ; 0           ; 0          ; 0           ; 1          ; 0           ; 0          ; 1       ;
; S.WAITING_2  ; 0       ; 0      ; 0      ; 0         ; 0            ; 0           ; 0            ; 0           ; 0            ; 0           ; 0            ; 0           ; 0            ; 0          ; 0           ; 0          ; 0           ; 0          ; 1           ; 0          ; 0           ; 0          ; 1       ;
; S.IN_KEY_3   ; 0       ; 0      ; 0      ; 0         ; 0            ; 0           ; 0            ; 0           ; 0            ; 0           ; 0            ; 0           ; 0            ; 0          ; 0           ; 0          ; 0           ; 1          ; 0           ; 0          ; 0           ; 0          ; 1       ;
; S.WAITING_3  ; 0       ; 0      ; 0      ; 0         ; 0            ; 0           ; 0            ; 0           ; 0            ; 0           ; 0            ; 0           ; 0            ; 0          ; 0           ; 0          ; 1           ; 0          ; 0           ; 0          ; 0           ; 0          ; 1       ;
; S.IN_KEY_4   ; 0       ; 0      ; 0      ; 0         ; 0            ; 0           ; 0            ; 0           ; 0            ; 0           ; 0            ; 0           ; 0            ; 0          ; 0           ; 1          ; 0           ; 0          ; 0           ; 0          ; 0           ; 0          ; 1       ;
; S.WAITING_4  ; 0       ; 0      ; 0      ; 0         ; 0            ; 0           ; 0            ; 0           ; 0            ; 0           ; 0            ; 0           ; 0            ; 0          ; 1           ; 0          ; 0           ; 0          ; 0           ; 0          ; 0           ; 0          ; 1       ;
; S.DISP_KEY   ; 0       ; 0      ; 0      ; 0         ; 0            ; 0           ; 0            ; 0           ; 0            ; 0           ; 0            ; 0           ; 0            ; 1          ; 0           ; 0          ; 0           ; 0          ; 0           ; 0          ; 0           ; 0          ; 1       ;
; S.IN_VALUE_1 ; 0       ; 0      ; 0      ; 0         ; 0            ; 0           ; 0            ; 0           ; 0            ; 0           ; 0            ; 0           ; 1            ; 0          ; 0           ; 0          ; 0           ; 0          ; 0           ; 0          ; 0           ; 0          ; 1       ;
; S.WAITING_5  ; 0       ; 0      ; 0      ; 0         ; 0            ; 0           ; 0            ; 0           ; 0            ; 0           ; 0            ; 1           ; 0            ; 0          ; 0           ; 0          ; 0           ; 0          ; 0           ; 0          ; 0           ; 0          ; 1       ;
; S.IN_VALUE_2 ; 0       ; 0      ; 0      ; 0         ; 0            ; 0           ; 0            ; 0           ; 0            ; 0           ; 1            ; 0           ; 0            ; 0          ; 0           ; 0          ; 0           ; 0          ; 0           ; 0          ; 0           ; 0          ; 1       ;
; S.WAITING_6  ; 0       ; 0      ; 0      ; 0         ; 0            ; 0           ; 0            ; 0           ; 0            ; 1           ; 0            ; 0           ; 0            ; 0          ; 0           ; 0          ; 0           ; 0          ; 0           ; 0          ; 0           ; 0          ; 1       ;
; S.IN_VALUE_3 ; 0       ; 0      ; 0      ; 0         ; 0            ; 0           ; 0            ; 0           ; 1            ; 0           ; 0            ; 0           ; 0            ; 0          ; 0           ; 0          ; 0           ; 0          ; 0           ; 0          ; 0           ; 0          ; 1       ;
; S.WAITING_7  ; 0       ; 0      ; 0      ; 0         ; 0            ; 0           ; 0            ; 1           ; 0            ; 0           ; 0            ; 0           ; 0            ; 0          ; 0           ; 0          ; 0           ; 0          ; 0           ; 0          ; 0           ; 0          ; 1       ;
; S.IN_VALUE_4 ; 0       ; 0      ; 0      ; 0         ; 0            ; 0           ; 1            ; 0           ; 0            ; 0           ; 0            ; 0           ; 0            ; 0          ; 0           ; 0          ; 0           ; 0          ; 0           ; 0          ; 0           ; 0          ; 1       ;
; S.WAITING_8  ; 0       ; 0      ; 0      ; 0         ; 0            ; 1           ; 0            ; 0           ; 0            ; 0           ; 0            ; 0           ; 0            ; 0          ; 0           ; 0          ; 0           ; 0          ; 0           ; 0          ; 0           ; 0          ; 1       ;
; S.DISP_VALUE ; 0       ; 0      ; 0      ; 0         ; 1            ; 0           ; 0            ; 0           ; 0            ; 0           ; 0            ; 0           ; 0            ; 0          ; 0           ; 0          ; 0           ; 0          ; 0           ; 0          ; 0           ; 0          ; 1       ;
; S.WAITING    ; 0       ; 0      ; 0      ; 1         ; 0            ; 0           ; 0            ; 0           ; 0            ; 0           ; 0            ; 0           ; 0            ; 0          ; 0           ; 0          ; 0           ; 0          ; 0           ; 0          ; 0           ; 0          ; 1       ;
; S.ENCR       ; 0       ; 0      ; 1      ; 0         ; 0            ; 0           ; 0            ; 0           ; 0            ; 0           ; 0            ; 0           ; 0            ; 0          ; 0           ; 0          ; 0           ; 0          ; 0           ; 0          ; 0           ; 0          ; 1       ;
; S.DONE       ; 0       ; 1      ; 0      ; 0         ; 0            ; 0           ; 0            ; 0           ; 0            ; 0           ; 0            ; 0           ; 0            ; 0          ; 0           ; 0          ; 0           ; 0          ; 0           ; 0          ; 0           ; 0          ; 1       ;
; S.ERROR      ; 1       ; 0      ; 0      ; 0         ; 0            ; 0           ; 0            ; 0           ; 0            ; 0           ; 0            ; 0           ; 0            ; 0          ; 0           ; 0          ; 0           ; 0          ; 0           ; 0          ; 0           ; 0          ; 1       ;
+--------------+---------+--------+--------+-----------+--------------+-------------+--------------+-------------+--------------+-------------+--------------+-------------+--------------+------------+-------------+------------+-------------+------------+-------------+------------+-------------+------------+---------+


+--------------------------------------------------------------------------------+
; Registers Removed During Synthesis                                             ;
+---------------------------------------+----------------------------------------+
; Register name                         ; Reason for Removal                     ;
+---------------------------------------+----------------------------------------+
; S~4                                   ; Lost fanout                            ;
; S~5                                   ; Lost fanout                            ;
; S~6                                   ; Lost fanout                            ;
; S~7                                   ; Lost fanout                            ;
; S~8                                   ; Lost fanout                            ;
; S.ERROR                               ; Stuck at GND due to stuck port data_in ;
; Total Number of Removed Registers = 6 ;                                        ;
+---------------------------------------+----------------------------------------+


+------------------------------------------------------+
; General Register Statistics                          ;
+----------------------------------------------+-------+
; Statistic                                    ; Value ;
+----------------------------------------------+-------+
; Total registers                              ; 233   ;
; Number of registers using Synchronous Clear  ; 6     ;
; Number of registers using Synchronous Load   ; 0     ;
; Number of registers using Asynchronous Clear ; 169   ;
; Number of registers using Asynchronous Load  ; 0     ;
; Number of registers using Clock Enable       ; 80    ;
; Number of registers using Preset             ; 0     ;
+----------------------------------------------+-------+


+---------------------------------------------------------------------------------------------------------------------------------------------------------------+
; Multiplexer Restructuring Statistics (Restructuring Performed)                                                                                                ;
+--------------------+-----------+---------------+----------------------+------------------------+------------+-------------------------------------------------+
; Multiplexer Inputs ; Bus Width ; Baseline Area ; Area if Restructured ; Saving if Restructured ; Registered ; Example Multiplexer Output                      ;
+--------------------+-----------+---------------+----------------------+------------------------+------------+-------------------------------------------------+
; 15:1               ; 16 bits   ; 160 LEs       ; 144 LEs              ; 16 LEs                 ; Yes        ; |text_encryption|disp[15]                       ;
; 4:1                ; 4 bits    ; 8 LEs         ; 8 LEs                ; 0 LEs                  ; No         ; |text_encryption|temp_encr:my_encr_value|Mux11  ;
; 4:1                ; 4 bits    ; 8 LEs         ; 8 LEs                ; 0 LEs                  ; No         ; |text_encryption|temp_encr:my_encr_value|Mux30  ;
; 4:1                ; 4 bits    ; 8 LEs         ; 8 LEs                ; 0 LEs                  ; No         ; |text_encryption|temp_encr:my_encr_value|Mux6   ;
; 4:1                ; 4 bits    ; 8 LEs         ; 8 LEs                ; 0 LEs                  ; No         ; |text_encryption|temp_encr:my_encr_value|Mux24  ;
; 3:1                ; 2 bits    ; 4 LEs         ; 4 LEs                ; 0 LEs                  ; No         ; |text_encryption|temp_encr:my_encr_value|Mux44  ;
; 3:1                ; 2 bits    ; 4 LEs         ; 4 LEs                ; 0 LEs                  ; No         ; |text_encryption|temp_encr:my_encr_value|Mux46  ;
; 4:1                ; 4 bits    ; 8 LEs         ; 8 LEs                ; 0 LEs                  ; No         ; |text_encryption|temp_encr:my_encr_value|Mux1   ;
; 3:1                ; 2 bits    ; 4 LEs         ; 4 LEs                ; 0 LEs                  ; No         ; |text_encryption|temp_encr:my_encr_value|Mux15  ;
; 3:1                ; 2 bits    ; 4 LEs         ; 4 LEs                ; 0 LEs                  ; No         ; |text_encryption|temp_encr:my_encr_value|Mux14  ;
; 4:1                ; 4 bits    ; 8 LEs         ; 8 LEs                ; 0 LEs                  ; No         ; |text_encryption|temp_encr:my_encr_value|Mux55  ;
; 4:1                ; 4 bits    ; 8 LEs         ; 8 LEs                ; 0 LEs                  ; No         ; |text_encryption|temp_encr:my_encr_value|Mux20  ;
; 4:1                ; 4 bits    ; 8 LEs         ; 8 LEs                ; 0 LEs                  ; No         ; |text_encryption|temp_encr:my_encr_value|Mux39  ;
; 4:1                ; 4 bits    ; 8 LEs         ; 8 LEs                ; 0 LEs                  ; No         ; |text_encryption|temp_encr:my_encr_value|Mux41  ;
; 4:1                ; 4 bits    ; 8 LEs         ; 8 LEs                ; 0 LEs                  ; No         ; |text_encryption|temp_encr:my_encr_value|Mux61  ;
; 4:1                ; 4 bits    ; 8 LEs         ; 8 LEs                ; 0 LEs                  ; No         ; |text_encryption|temp_encr:my_encr_value|Mux56  ;
; 4:1                ; 4 bits    ; 8 LEs         ; 8 LEs                ; 0 LEs                  ; No         ; |text_encryption|temp_encr:my_encr_value|Mux32  ;
; 4:1                ; 4 bits    ; 8 LEs         ; 8 LEs                ; 0 LEs                  ; No         ; |text_encryption|temp_encr:my_encr_value|Mux73  ;
; 4:1                ; 4 bits    ; 8 LEs         ; 8 LEs                ; 0 LEs                  ; No         ; |text_encryption|temp_encr:my_encr_value|Mux94  ;
; 4:1                ; 4 bits    ; 8 LEs         ; 8 LEs                ; 0 LEs                  ; No         ; |text_encryption|temp_encr:my_encr_value|Mux71  ;
; 4:1                ; 4 bits    ; 8 LEs         ; 8 LEs                ; 0 LEs                  ; No         ; |text_encryption|temp_encr:my_encr_value|Mux88  ;
; 3:1                ; 2 bits    ; 4 LEs         ; 4 LEs                ; 0 LEs                  ; No         ; |text_encryption|temp_encr:my_encr_value|Mux111 ;
; 3:1                ; 2 bits    ; 4 LEs         ; 4 LEs                ; 0 LEs                  ; No         ; |text_encryption|temp_encr:my_encr_value|Mux110 ;
; 4:1                ; 4 bits    ; 8 LEs         ; 8 LEs                ; 0 LEs                  ; No         ; |text_encryption|temp_encr:my_encr_value|Mux67  ;
; 3:1                ; 2 bits    ; 4 LEs         ; 4 LEs                ; 0 LEs                  ; No         ; |text_encryption|temp_encr:my_encr_value|Mux79  ;
; 3:1                ; 2 bits    ; 4 LEs         ; 4 LEs                ; 0 LEs                  ; No         ; |text_encryption|temp_encr:my_encr_value|Mux77  ;
; 4:1                ; 4 bits    ; 8 LEs         ; 8 LEs                ; 0 LEs                  ; No         ; |text_encryption|temp_encr:my_encr_value|Mux116 ;
; 4:1                ; 4 bits    ; 8 LEs         ; 8 LEs                ; 0 LEs                  ; No         ; |text_encryption|temp_encr:my_encr_value|Mux85  ;
; 4:1                ; 4 bits    ; 8 LEs         ; 8 LEs                ; 0 LEs                  ; No         ; |text_encryption|temp_encr:my_encr_value|Mux102 ;
; 4:1                ; 4 bits    ; 8 LEs         ; 8 LEs                ; 0 LEs                  ; No         ; |text_encryption|temp_encr:my_encr_value|Mux107 ;
; 4:1                ; 4 bits    ; 8 LEs         ; 8 LEs                ; 0 LEs                  ; No         ; |text_encryption|temp_encr:my_encr_value|Mux127 ;
; 4:1                ; 4 bits    ; 8 LEs         ; 8 LEs                ; 0 LEs                  ; No         ; |text_encryption|temp_encr:my_encr_value|Mux121 ;
; 4:1                ; 4 bits    ; 8 LEs         ; 8 LEs                ; 0 LEs                  ; No         ; |text_encryption|temp_encr:my_encr_value|Mux96  ;
; 4:1                ; 4 bits    ; 8 LEs         ; 8 LEs                ; 0 LEs                  ; No         ; |text_encryption|temp_encr:my_encr_value|Mux139 ;
; 4:1                ; 4 bits    ; 8 LEs         ; 8 LEs                ; 0 LEs                  ; No         ; |text_encryption|temp_encr:my_encr_value|Mux158 ;
; 4:1                ; 4 bits    ; 8 LEs         ; 8 LEs                ; 0 LEs                  ; No         ; |text_encryption|temp_encr:my_encr_value|Mux132 ;
; 4:1                ; 4 bits    ; 8 LEs         ; 8 LEs                ; 0 LEs                  ; No         ; |text_encryption|temp_encr:my_encr_value|Mux153 ;
; 3:1                ; 2 bits    ; 4 LEs         ; 4 LEs                ; 0 LEs                  ; No         ; |text_encryption|temp_encr:my_encr_value|Mux172 ;
; 3:1                ; 2 bits    ; 4 LEs         ; 4 LEs                ; 0 LEs                  ; No         ; |text_encryption|temp_encr:my_encr_value|Mux174 ;
; 4:1                ; 4 bits    ; 8 LEs         ; 8 LEs                ; 0 LEs                  ; No         ; |text_encryption|temp_encr:my_encr_value|Mux131 ;
; 3:1                ; 2 bits    ; 4 LEs         ; 4 LEs                ; 0 LEs                  ; No         ; |text_encryption|temp_encr:my_encr_value|Mux143 ;
; 3:1                ; 2 bits    ; 4 LEs         ; 4 LEs                ; 0 LEs                  ; No         ; |text_encryption|temp_encr:my_encr_value|Mux141 ;
; 4:1                ; 4 bits    ; 8 LEs         ; 8 LEs                ; 0 LEs                  ; No         ; |text_encryption|temp_encr:my_encr_value|Mux182 ;
; 4:1                ; 4 bits    ; 8 LEs         ; 8 LEs                ; 0 LEs                  ; No         ; |text_encryption|temp_encr:my_encr_value|Mux149 ;
; 4:1                ; 4 bits    ; 8 LEs         ; 8 LEs                ; 0 LEs                  ; No         ; |text_encryption|temp_encr:my_encr_value|Mux165 ;
; 4:1                ; 4 bits    ; 8 LEs         ; 8 LEs                ; 0 LEs                  ; No         ; |text_encryption|temp_encr:my_encr_value|Mux170 ;
; 4:1                ; 4 bits    ; 8 LEs         ; 8 LEs                ; 0 LEs                  ; No         ; |text_encryption|temp_encr:my_encr_value|Mux190 ;
; 4:1                ; 4 bits    ; 8 LEs         ; 8 LEs                ; 0 LEs                  ; No         ; |text_encryption|temp_encr:my_encr_value|Mux184 ;
; 4:1                ; 4 bits    ; 8 LEs         ; 8 LEs                ; 0 LEs                  ; No         ; |text_encryption|temp_encr:my_encr_value|Mux163 ;
; 4:1                ; 4 bits    ; 8 LEs         ; 8 LEs                ; 0 LEs                  ; No         ; |text_encryption|temp_encr:my_encr_value|Mux201 ;
; 4:1                ; 4 bits    ; 8 LEs         ; 8 LEs                ; 0 LEs                  ; No         ; |text_encryption|temp_encr:my_encr_value|Mux220 ;
; 4:1                ; 4 bits    ; 8 LEs         ; 8 LEs                ; 0 LEs                  ; No         ; |text_encryption|temp_encr:my_encr_value|Mux199 ;
; 4:1                ; 4 bits    ; 8 LEs         ; 8 LEs                ; 0 LEs                  ; No         ; |text_encryption|temp_encr:my_encr_value|Mux217 ;
; 3:1                ; 2 bits    ; 4 LEs         ; 4 LEs                ; 0 LEs                  ; No         ; |text_encryption|temp_encr:my_encr_value|Mux236 ;
; 3:1                ; 2 bits    ; 4 LEs         ; 4 LEs                ; 0 LEs                  ; No         ; |text_encryption|temp_encr:my_encr_value|Mux237 ;
; 4:1                ; 4 bits    ; 8 LEs         ; 8 LEs                ; 0 LEs                  ; No         ; |text_encryption|temp_encr:my_encr_value|Mux194 ;
; 3:1                ; 2 bits    ; 4 LEs         ; 4 LEs                ; 0 LEs                  ; No         ; |text_encryption|temp_encr:my_encr_value|Mux204 ;
; 3:1                ; 2 bits    ; 4 LEs         ; 4 LEs                ; 0 LEs                  ; No         ; |text_encryption|temp_encr:my_encr_value|Mux205 ;
; 4:1                ; 4 bits    ; 8 LEs         ; 8 LEs                ; 0 LEs                  ; No         ; |text_encryption|temp_encr:my_encr_value|Mux247 ;
; 4:1                ; 4 bits    ; 8 LEs         ; 8 LEs                ; 0 LEs                  ; No         ; |text_encryption|temp_encr:my_encr_value|Mux215 ;
; 4:1                ; 4 bits    ; 8 LEs         ; 8 LEs                ; 0 LEs                  ; No         ; |text_encryption|temp_encr:my_encr_value|Mux228 ;
; 4:1                ; 4 bits    ; 8 LEs         ; 8 LEs                ; 0 LEs                  ; No         ; |text_encryption|temp_encr:my_encr_value|Mux233 ;
; 4:1                ; 4 bits    ; 8 LEs         ; 8 LEs                ; 0 LEs                  ; No         ; |text_encryption|temp_encr:my_encr_value|Mux252 ;
; 4:1                ; 4 bits    ; 8 LEs         ; 8 LEs                ; 0 LEs                  ; No         ; |text_encryption|temp_encr:my_encr_value|Mux249 ;
; 4:1                ; 4 bits    ; 8 LEs         ; 8 LEs                ; 0 LEs                  ; No         ; |text_encryption|temp_encr:my_encr_value|Mux224 ;
; 4:1                ; 4 bits    ; 8 LEs         ; 8 LEs                ; 0 LEs                  ; No         ; |text_encryption|temp_encr:my_encr_value|Mux265 ;
; 4:1                ; 4 bits    ; 8 LEs         ; 8 LEs                ; 0 LEs                  ; No         ; |text_encryption|temp_encr:my_encr_value|Mux285 ;
; 4:1                ; 4 bits    ; 8 LEs         ; 8 LEs                ; 0 LEs                  ; No         ; |text_encryption|temp_encr:my_encr_value|Mux262 ;
; 4:1                ; 4 bits    ; 8 LEs         ; 8 LEs                ; 0 LEs                  ; No         ; |text_encryption|temp_encr:my_encr_value|Mux283 ;
; 3:1                ; 2 bits    ; 4 LEs         ; 4 LEs                ; 0 LEs                  ; No         ; |text_encryption|temp_encr:my_encr_value|Mux303 ;
; 3:1                ; 2 bits    ; 4 LEs         ; 4 LEs                ; 0 LEs                  ; No         ; |text_encryption|temp_encr:my_encr_value|Mux302 ;
; 4:1                ; 4 bits    ; 8 LEs         ; 8 LEs                ; 0 LEs                  ; No         ; |text_encryption|temp_encr:my_encr_value|Mux256 ;
; 3:1                ; 2 bits    ; 4 LEs         ; 4 LEs                ; 0 LEs                  ; No         ; |text_encryption|temp_encr:my_encr_value|Mux268 ;
; 3:1                ; 2 bits    ; 4 LEs         ; 4 LEs                ; 0 LEs                  ; No         ; |text_encryption|temp_encr:my_encr_value|Mux270 ;
; 4:1                ; 4 bits    ; 8 LEs         ; 8 LEs                ; 0 LEs                  ; No         ; |text_encryption|temp_encr:my_encr_value|Mux309 ;
; 4:1                ; 4 bits    ; 8 LEs         ; 8 LEs                ; 0 LEs                  ; No         ; |text_encryption|temp_encr:my_encr_value|Mux277 ;
; 4:1                ; 4 bits    ; 8 LEs         ; 8 LEs                ; 0 LEs                  ; No         ; |text_encryption|temp_encr:my_encr_value|Mux293 ;
; 4:1                ; 4 bits    ; 8 LEs         ; 8 LEs                ; 0 LEs                  ; No         ; |text_encryption|temp_encr:my_encr_value|Mux297 ;
; 4:1                ; 4 bits    ; 8 LEs         ; 8 LEs                ; 0 LEs                  ; No         ; |text_encryption|temp_encr:my_encr_value|Mux318 ;
; 4:1                ; 4 bits    ; 8 LEs         ; 8 LEs                ; 0 LEs                  ; No         ; |text_encryption|temp_encr:my_encr_value|Mux312 ;
; 4:1                ; 4 bits    ; 8 LEs         ; 8 LEs                ; 0 LEs                  ; No         ; |text_encryption|temp_encr:my_encr_value|Mux290 ;
; 4:1                ; 4 bits    ; 8 LEs         ; 8 LEs                ; 0 LEs                  ; No         ; |text_encryption|temp_encr:my_encr_value|Mux329 ;
; 4:1                ; 4 bits    ; 8 LEs         ; 8 LEs                ; 0 LEs                  ; No         ; |text_encryption|temp_encr:my_encr_value|Mux348 ;
; 4:1                ; 4 bits    ; 8 LEs         ; 8 LEs                ; 0 LEs                  ; No         ; |text_encryption|temp_encr:my_encr_value|Mux324 ;
; 4:1                ; 4 bits    ; 8 LEs         ; 8 LEs                ; 0 LEs                  ; No         ; |text_encryption|temp_encr:my_encr_value|Mux347 ;
; 3:1                ; 2 bits    ; 4 LEs         ; 4 LEs                ; 0 LEs                  ; No         ; |text_encryption|temp_encr:my_encr_value|Mux364 ;
; 3:1                ; 2 bits    ; 4 LEs         ; 4 LEs                ; 0 LEs                  ; No         ; |text_encryption|temp_encr:my_encr_value|Mux365 ;
; 4:1                ; 4 bits    ; 8 LEs         ; 8 LEs                ; 0 LEs                  ; No         ; |text_encryption|temp_encr:my_encr_value|Mux323 ;
; 3:1                ; 2 bits    ; 4 LEs         ; 4 LEs                ; 0 LEs                  ; No         ; |text_encryption|temp_encr:my_encr_value|Mux332 ;
; 3:1                ; 2 bits    ; 4 LEs         ; 4 LEs                ; 0 LEs                  ; No         ; |text_encryption|temp_encr:my_encr_value|Mux333 ;
; 4:1                ; 4 bits    ; 8 LEs         ; 8 LEs                ; 0 LEs                  ; No         ; |text_encryption|temp_encr:my_encr_value|Mux374 ;
; 4:1                ; 4 bits    ; 8 LEs         ; 8 LEs                ; 0 LEs                  ; No         ; |text_encryption|temp_encr:my_encr_value|Mux340 ;
; 4:1                ; 4 bits    ; 8 LEs         ; 8 LEs                ; 0 LEs                  ; No         ; |text_encryption|temp_encr:my_encr_value|Mux359 ;
; 4:1                ; 4 bits    ; 8 LEs         ; 8 LEs                ; 0 LEs                  ; No         ; |text_encryption|temp_encr:my_encr_value|Mux360 ;
; 4:1                ; 4 bits    ; 8 LEs         ; 8 LEs                ; 0 LEs                  ; No         ; |text_encryption|temp_encr:my_encr_value|Mux380 ;
; 4:1                ; 4 bits    ; 8 LEs         ; 8 LEs                ; 0 LEs                  ; No         ; |text_encryption|temp_encr:my_encr_value|Mux377 ;
; 4:1                ; 4 bits    ; 8 LEs         ; 8 LEs                ; 0 LEs                  ; No         ; |text_encryption|temp_encr:my_encr_value|Mux352 ;
; 4:1                ; 4 bits    ; 8 LEs         ; 8 LEs                ; 0 LEs                  ; No         ; |text_encryption|temp_encr:my_encr_value|Mux395 ;
; 4:1                ; 4 bits    ; 8 LEs         ; 8 LEs                ; 0 LEs                  ; No         ; |text_encryption|temp_encr:my_encr_value|Mux413 ;
; 4:1                ; 4 bits    ; 8 LEs         ; 8 LEs                ; 0 LEs                  ; No         ; |text_encryption|temp_encr:my_encr_value|Mux390 ;
; 4:1                ; 4 bits    ; 8 LEs         ; 8 LEs                ; 0 LEs                  ; No         ; |text_encryption|temp_encr:my_encr_value|Mux411 ;
; 3:1                ; 2 bits    ; 4 LEs         ; 4 LEs                ; 0 LEs                  ; No         ; |text_encryption|temp_encr:my_encr_value|Mux428 ;
; 3:1                ; 2 bits    ; 4 LEs         ; 4 LEs                ; 0 LEs                  ; No         ; |text_encryption|temp_encr:my_encr_value|Mux430 ;
; 4:1                ; 4 bits    ; 8 LEs         ; 8 LEs                ; 0 LEs                  ; No         ; |text_encryption|temp_encr:my_encr_value|Mux384 ;
; 3:1                ; 2 bits    ; 4 LEs         ; 4 LEs                ; 0 LEs                  ; No         ; |text_encryption|temp_encr:my_encr_value|Mux396 ;
; 3:1                ; 2 bits    ; 4 LEs         ; 4 LEs                ; 0 LEs                  ; No         ; |text_encryption|temp_encr:my_encr_value|Mux397 ;
; 4:1                ; 4 bits    ; 8 LEs         ; 8 LEs                ; 0 LEs                  ; No         ; |text_encryption|temp_encr:my_encr_value|Mux439 ;
; 4:1                ; 4 bits    ; 8 LEs         ; 8 LEs                ; 0 LEs                  ; No         ; |text_encryption|temp_encr:my_encr_value|Mux405 ;
; 4:1                ; 4 bits    ; 8 LEs         ; 8 LEs                ; 0 LEs                  ; No         ; |text_encryption|temp_encr:my_encr_value|Mux423 ;
; 4:1                ; 4 bits    ; 8 LEs         ; 8 LEs                ; 0 LEs                  ; No         ; |text_encryption|temp_encr:my_encr_value|Mux425 ;
; 4:1                ; 4 bits    ; 8 LEs         ; 8 LEs                ; 0 LEs                  ; No         ; |text_encryption|temp_encr:my_encr_value|Mux444 ;
; 4:1                ; 4 bits    ; 8 LEs         ; 8 LEs                ; 0 LEs                  ; No         ; |text_encryption|temp_encr:my_encr_value|Mux443 ;
; 4:1                ; 4 bits    ; 8 LEs         ; 8 LEs                ; 0 LEs                  ; No         ; |text_encryption|temp_encr:my_encr_value|Mux417 ;
; 4:1                ; 4 bits    ; 8 LEs         ; 8 LEs                ; 0 LEs                  ; No         ; |text_encryption|temp_encr:my_encr_value|Mux457 ;
; 4:1                ; 4 bits    ; 8 LEs         ; 8 LEs                ; 0 LEs                  ; No         ; |text_encryption|temp_encr:my_encr_value|Mux468 ;
; 4:1                ; 4 bits    ; 8 LEs         ; 8 LEs                ; 0 LEs                  ; No         ; |text_encryption|temp_encr:my_encr_value|Mux455 ;
; 3:1                ; 2 bits    ; 4 LEs         ; 4 LEs                ; 0 LEs                  ; No         ; |text_encryption|temp_encr:my_encr_value|Mux463 ;
; 3:1                ; 2 bits    ; 4 LEs         ; 4 LEs                ; 0 LEs                  ; No         ; |text_encryption|temp_encr:my_encr_value|Mux461 ;
; 4:1                ; 4 bits    ; 8 LEs         ; 8 LEs                ; 0 LEs                  ; No         ; |text_encryption|temp_encr:my_encr_value|Mux476 ;
; 4:1                ; 4 bits    ; 8 LEs         ; 8 LEs                ; 0 LEs                  ; No         ; |text_encryption|temp_encr:my_encr_value|Mux473 ;
; 4:1                ; 4 bits    ; 8 LEs         ; 8 LEs                ; 0 LEs                  ; No         ; |text_encryption|temp_encr:my_encr_value|Mux451 ;
; 4:1                ; 4 bits    ; 8 LEs         ; 8 LEs                ; 0 LEs                  ; No         ; |text_encryption|temp_encr:my_encr_value|Mux490 ;
; 4:1                ; 4 bits    ; 8 LEs         ; 8 LEs                ; 0 LEs                  ; No         ; |text_encryption|temp_encr:my_encr_value|Mux500 ;
; 4:1                ; 4 bits    ; 8 LEs         ; 8 LEs                ; 0 LEs                  ; No         ; |text_encryption|temp_encr:my_encr_value|Mux484 ;
; 4:1                ; 4 bits    ; 8 LEs         ; 8 LEs                ; 0 LEs                  ; No         ; |text_encryption|temp_encr:my_encr_value|Mux507 ;
; 3:1                ; 2 bits    ; 4 LEs         ; 4 LEs                ; 0 LEs                  ; No         ; |text_encryption|temp_encr:my_encr_value|Mux492 ;
; 3:1                ; 2 bits    ; 4 LEs         ; 4 LEs                ; 0 LEs                  ; No         ; |text_encryption|temp_encr:my_encr_value|Mux493 ;
; 4:1                ; 4 bits    ; 8 LEs         ; 8 LEs                ; 0 LEs                  ; No         ; |text_encryption|temp_encr:my_encr_value|Mux509 ;
; 4:1                ; 4 bits    ; 8 LEs         ; 8 LEs                ; 0 LEs                  ; No         ; |text_encryption|temp_encr:my_encr_value|Mux480 ;
+--------------------+-----------+---------------+----------------------+------------------------+------------+-------------------------------------------------+


+---------------------------------------------------------------------------------+
; Parameter Settings for User Entity Instance: Top-level Entity: |text_encryption ;
+----------------+-------+--------------------------------------------------------+
; Parameter Name ; Value ; Type                                                   ;
+----------------+-------+--------------------------------------------------------+
; START          ; 00000 ; Unsigned Binary                                        ;
; IN_KEY_1       ; 00001 ; Unsigned Binary                                        ;
; WAITING_1      ; 00010 ; Unsigned Binary                                        ;
; IN_KEY_2       ; 00011 ; Unsigned Binary                                        ;
; WAITING_2      ; 00100 ; Unsigned Binary                                        ;
; IN_KEY_3       ; 00101 ; Unsigned Binary                                        ;
; WAITING_3      ; 00110 ; Unsigned Binary                                        ;
; IN_KEY_4       ; 00111 ; Unsigned Binary                                        ;
; WAITING_4      ; 01000 ; Unsigned Binary                                        ;
; DISP_KEY       ; 01001 ; Unsigned Binary                                        ;
; IN_VALUE_1     ; 01010 ; Unsigned Binary                                        ;
; WAITING_5      ; 01011 ; Unsigned Binary                                        ;
; IN_VALUE_2     ; 01100 ; Unsigned Binary                                        ;
; WAITING_6      ; 01101 ; Unsigned Binary                                        ;
; IN_VALUE_3     ; 01110 ; Unsigned Binary                                        ;
; WAITING_7      ; 01111 ; Unsigned Binary                                        ;
; IN_VALUE_4     ; 10000 ; Unsigned Binary                                        ;
; WAITING_8      ; 10001 ; Unsigned Binary                                        ;
; DISP_VALUE     ; 10010 ; Unsigned Binary                                        ;
; WAITING        ; 10011 ; Unsigned Binary                                        ;
; ENCR           ; 10100 ; Unsigned Binary                                        ;
; DONE           ; 10101 ; Unsigned Binary                                        ;
; ERROR          ; 11111 ; Unsigned Binary                                        ;
+----------------+-------+--------------------------------------------------------+
Note: In order to hide this table in the UI and the text report file, please set the "Show Parameter Settings in Synthesis Report" option in "Analysis and Synthesis Settings -> More Settings" to "Off".


+-----------------------------------------------------+
; Post-Synthesis Netlist Statistics for Top Partition ;
+-----------------------+-----------------------------+
; Type                  ; Count                       ;
+-----------------------+-----------------------------+
; boundary_port         ; 54                          ;
; cycloneiii_ff         ; 233                         ;
;     CLR               ; 147                         ;
;     CLR SCLR          ; 6                           ;
;     ENA               ; 64                          ;
;     ENA CLR           ; 16                          ;
; cycloneiii_lcell_comb ; 4199                        ;
;     normal            ; 4199                        ;
;         1 data inputs ; 4                           ;
;         2 data inputs ; 112                         ;
;         3 data inputs ; 757                         ;
;         4 data inputs ; 3326                        ;
;                       ;                             ;
; Max LUT depth         ; 65.00                       ;
; Average LUT depth     ; 57.18                       ;
+-----------------------+-----------------------------+


+-------------------------------+
; Elapsed Time Per Partition    ;
+----------------+--------------+
; Partition Name ; Elapsed Time ;
+----------------+--------------+
; Top            ; 00:00:53     ;
+----------------+--------------+


+-------------------------------+
; Analysis & Synthesis Messages ;
+-------------------------------+
Info: *******************************************************************
Info: Running Quartus Prime Analysis & Synthesis
    Info: Version 16.1.0 Build 196 10/24/2016 SJ Lite Edition
    Info: Processing started: Wed Dec 08 13:11:56 2021
Info: Command: quartus_map --read_settings_files=on --write_settings_files=off text_encryption -c text_encryption
Warning (18236): Number of processors has not been specified which may cause overloading on shared machines.  Set the global assignment NUM_PARALLEL_PROCESSORS in your QSF to an appropriate value for best performance.
Info (20030): Parallel compilation is enabled and will use 4 of the 4 processors detected
Info (12021): Found 1 design units, including 1 entities, in source file text_encryption.v
    Info (12023): Found entity 1: text_encryption File: M:/text_encryption/text_encryption.v Line: 1
Info (12021): Found 1 design units, including 1 entities, in source file seven_segment.v
    Info (12023): Found entity 1: seven_segment File: M:/text_encryption/seven_segment.v Line: 1
Info (12021): Found 1 design units, including 1 entities, in source file four_hex_vals.v
    Info (12023): Found entity 1: four_hex_vals File: M:/text_encryption/four_hex_vals.v Line: 1
Info (12021): Found 1 design units, including 1 entities, in source file lcd_control.v
    Info (12023): Found entity 1: lcd_control File: M:/text_encryption/lcd_control.v Line: 1
Info (12021): Found 1 design units, including 1 entities, in source file encrypt_value.v
    Info (12023): Found entity 1: encrypt_value File: M:/text_encryption/encrypt_value.v Line: 1
Info (12021): Found 1 design units, including 1 entities, in source file lcd_driver.v
    Info (12023): Found entity 1: lcd_driver File: M:/text_encryption/lcd_driver.v Line: 1
Info (12021): Found 1 design units, including 1 entities, in source file output_files/temp_encr.v
    Info (12023): Found entity 1: temp_encr File: M:/text_encryption/output_files/temp_encr.v Line: 1
Info (12127): Elaborating entity "text_encryption" for the top level hierarchy
Info (10264): Verilog HDL Case Statement information at text_encryption.v(118): all case item expressions in this case statement are onehot File: M:/text_encryption/text_encryption.v Line: 118
Info (10264): Verilog HDL Case Statement information at text_encryption.v(315): all case item expressions in this case statement are onehot File: M:/text_encryption/text_encryption.v Line: 315
Info (12128): Elaborating entity "four_hex_vals" for hierarchy "four_hex_vals:my_disp" File: M:/text_encryption/text_encryption.v Line: 72
Info (12128): Elaborating entity "seven_segment" for hierarchy "four_hex_vals:my_disp|seven_segment:leftmost" File: M:/text_encryption/four_hex_vals.v Line: 9
Info (12128): Elaborating entity "temp_encr" for hierarchy "temp_encr:my_encr_value" File: M:/text_encryption/text_encryption.v Line: 75
Info (10008): Verilog HDL or VHDL information: EDA Netlist Writer cannot regroup multidimensional array "s_box" into its bus
Info (286030): Timing-Driven Synthesis is running
Info (17049): 5 registers lost all their fanouts during netlist optimizations.
Info (16010): Generating hard_block partition "hard_block:auto_generated_inst"
    Info (16011): Adding 0 node(s), including 0 DDIO, 0 PLL, 0 transceiver and 0 LCELL
Info (21057): Implemented 4251 device resources after synthesis - the final resource count might be different
    Info (21058): Implemented 23 input pins
    Info (21059): Implemented 31 output pins
    Info (21061): Implemented 4197 logic cells
Info: Quartus Prime Analysis & Synthesis was successful. 0 errors, 1 warning
    Info: Peak virtual memory: 4809 megabytes
    Info: Processing ended: Wed Dec 08 13:13:01 2021
    Info: Elapsed time: 00:01:05
    Info: Total CPU time (on all processors): 00:01:13


